16:11:23.230 INFO - Selenium build info: version: '3.5.0', revision: '8def36e068'
16:11:23.231 INFO - Launching a standalone Selenium Server
2017-08-27 16:11:23.258:INFO::main: Logging initialized @397ms to org.seleniumhq.jetty9.util.log.StdErrLog
16:11:23.337 INFO - Driver class not found: com.opera.core.systems.OperaDriver
16:11:23.374 INFO - Driver provider class org.openqa.selenium.ie.InternetExplorerDriver registration is skipped:
 registration capabilities Capabilities [{ensureCleanSession=true, browserName=internet explorer, version=, platform=WINDOWS}] does not match the current platform MAC
16:11:23.375 INFO - Driver provider class org.openqa.selenium.edge.EdgeDriver registration is skipped:
 registration capabilities Capabilities [{browserName=MicrosoftEdge, version=, platform=WINDOWS}] does not match the current platform MAC
16:11:23.417 INFO - Using the passthrough mode handler
2017-08-27 16:11:23.485:INFO:osjs.Server:main: jetty-9.4.5.v20170502
2017-08-27 16:11:23.529:WARN:osjs.SecurityHandler:main: ServletContext@o.s.j.s.ServletContextHandler@6c3708b3{/,null,STARTING} has uncovered http methods for path: /
2017-08-27 16:11:23.539:INFO:osjsh.ContextHandler:main: Started o.s.j.s.ServletContextHandler@6c3708b3{/,null,AVAILABLE}
2017-08-27 16:11:23.640:INFO:osjs.AbstractConnector:main: Started ServerConnector@298ac209{HTTP/1.1,[http/1.1]}{0.0.0.0:4444}
2017-08-27 16:11:23.642:INFO:osjs.Server:main: Started @780ms
16:11:23.643 INFO - Selenium Server is up and running
2017-08-27 16:11:24.193:INFO:osjshC.ROOT:qtp864237698-10: org.openqa.selenium.remote.server.WebDriverServlet-4c70fda8: Initialising WebDriverServlet
16:11:24.297 INFO - Binding default provider to: org.openqa.selenium.chrome.ChromeDriverService
16:11:24.298 INFO - Found handler: org.openqa.selenium.remote.server.BeginSession@4171e928
16:11:24.303 INFO - /session: Executing POST on /session (handler: BeginSession)
16:11:24.336 INFO - Capabilities are: Capabilities {acceptSslCerts=true, name=Index Spec, browserName=chrome, javascriptEnabled=true, platformName=ANY, platform=ANY, }
16:11:24.337 INFO - Capabilities {acceptSslCerts=true, name=Index Spec, browserName=chrome, javascriptEnabled=true, platformName=ANY, platform=ANY, } matched class org.openqa.selenium.remote.server.ServicedSession$Factory (provider: org.openqa.selenium.chrome.ChromeDriverService)
16:11:24.338 INFO - Capabilities {acceptSslCerts=true, name=Index Spec, browserName=chrome, javascriptEnabled=true, platformName=ANY, platform=ANY, } matched class org.openqa.selenium.remote.server.ServicedSession$Factory (provider: org.openqa.selenium.chrome.ChromeDriverService)
Starting ChromeDriver 2.31.488774 (7e15618d1bf16df8bf0ecf2914ed1964a387ba0b) on port 12628
Only local connections are allowed.
16:11:26.665 INFO - Found handler: org.openqa.selenium.remote.server.ServicedSession@1fb9b249
16:11:26.666 INFO - Handler thread for session 3f89240704bc14309bafefbb8009c1a6 (chrome): Executing POST on /session/3f89240704bc14309bafefbb8009c1a6/url (handler: ServicedSession)
16:11:26.674 INFO - To upstream: {"url":"http://localhost:8081/topics"}
16:11:27.437 INFO - To downstream: {"sessionId":"3f89240704bc14309bafefbb8009c1a6","status":0,"value":null}
16:11:27.448 INFO - Found handler: org.openqa.selenium.remote.server.ServicedSession@1fb9b249
16:11:27.448 INFO - Handler thread for session 3f89240704bc14309bafefbb8009c1a6 (chrome): Executing POST on /session/3f89240704bc14309bafefbb8009c1a6/elements (handler: ServicedSession)
16:11:27.450 INFO - To upstream: {"using":"css selector","value":".view div"}
16:11:27.477 INFO - To downstream: {"sessionId":"3f89240704bc14309bafefbb8009c1a6","status":0,"value":[]}
16:11:27.484 INFO - Found handler: org.openqa.selenium.remote.server.ServicedSession@1fb9b249
16:11:27.485 INFO - Handler thread for session 3f89240704bc14309bafefbb8009c1a6 (chrome): Executing DELETE on /session/3f89240704bc14309bafefbb8009c1a6 (handler: ServicedSession)
16:11:27.594 INFO - To downstream: {"sessionId":"3f89240704bc14309bafefbb8009c1a6","status":0,"value":null}
16:11:27.602 INFO - Removing session org.openqa.selenium.remote.server.ServicedSession@1fb9b249
16:11:27.605 INFO - To downstream: {"sessionId":"3f89240704bc14309bafefbb8009c1a6","status":0,"value":null}
